f:\dersler\verıyapıları\20152016\hafta6\cıftyonlubaglılıste2\cıftyonlubaglılıste2\debug\cıftyonlubaglılıste2.pch
f:\dersler\verıyapıları\20152016\hafta6\cıftyonlubaglılıste2\cıftyonlubaglılıste2\debug\stdafx.obj
f:\dersler\verıyapıları\20152016\hafta6\cıftyonlubaglılıste2\cıftyonlubaglılıste2\debug\vc110.pdb
f:\dersler\verıyapıları\20152016\hafta6\cıftyonlubaglılıste2\cıftyonlubaglılıste2\debug\cıftyonlubaglılıste2.obj
f:\dersler\verıyapıları\20152016\hafta6\cıftyonlubaglılıste2\debug\cıftyonlubaglılıste2.ılk
f:\dersler\verıyapıları\20152016\hafta6\cıftyonlubaglılıste2\debug\cıftyonlubaglılıste2.exe
f:\dersler\verıyapıları\20152016\hafta6\cıftyonlubaglılıste2\debug\cıftyonlubaglılıste2.pdb
g:\dersler\verıyapıları\20152016\hafta6\cıftyonlubaglılıste2\cıftyonlubaglılıste2\debug\cıftyonlubaglılıste2.pch
g:\dersler\verıyapıları\20152016\hafta6\cıftyonlubaglılıste2\cıftyonlubaglılıste2\debug\vc140.pdb
g:\dersler\verıyapıları\20152016\hafta6\cıftyonlubaglılıste2\cıftyonlubaglılıste2\debug\vc140.ıdb
g:\dersler\verıyapıları\20152016\hafta6\cıftyonlubaglılıste2\cıftyonlubaglılıste2\debug\stdafx.obj
g:\dersler\verıyapıları\20152016\hafta6\cıftyonlubaglılıste2\cıftyonlubaglılıste2\debug\cıftyonlubaglılıste2.obj
g:\dersler\verıyapıları\20152016\hafta6\cıftyonlubaglılıste2\debug\cıftyonlubaglılıste2.ılk
g:\dersler\verıyapıları\20152016\hafta6\cıftyonlubaglılıste2\debug\cıftyonlubaglılıste2.exe
g:\dersler\verıyapıları\20152016\hafta6\cıftyonlubaglılıste2\debug\cıftyonlubaglılıste2.pdb
g:\dersler\veriyapıları\20152016\hafta6\ciftyonlubagliliste2\ciftyonlubagliliste2\debug\ciftyonlubagliliste2.obj
g:\dersler\veriyapıları\20152016\hafta6\ciftyonlubagliliste2\ciftyonlubagliliste2\debug\stdafx.obj
g:\dersler\veriyapıları\20152016\hafta6\ciftyonlubagliliste2\ciftyonlubagliliste2\debug\cl.command.1.tlog
g:\dersler\veriyapıları\20152016\hafta6\ciftyonlubagliliste2\ciftyonlubagliliste2\debug\cl.read.1.tlog
g:\dersler\veriyapıları\20152016\hafta6\ciftyonlubagliliste2\ciftyonlubagliliste2\debug\cl.write.1.tlog
g:\dersler\veriyapıları\20152016\hafta6\ciftyonlubagliliste2\ciftyonlubagliliste2\debug\link-cvtres.read.1.tlog
g:\dersler\veriyapıları\20152016\hafta6\ciftyonlubagliliste2\ciftyonlubagliliste2\debug\link-cvtres.write.1.tlog
g:\dersler\veriyapıları\20152016\hafta6\ciftyonlubagliliste2\ciftyonlubagliliste2\debug\link-rc.read.1.tlog
g:\dersler\veriyapıları\20152016\hafta6\ciftyonlubagliliste2\ciftyonlubagliliste2\debug\link-rc.write.1.tlog
g:\dersler\veriyapıları\20152016\hafta6\ciftyonlubagliliste2\ciftyonlubagliliste2\debug\link.8508-cvtres.read.1.tlog
g:\dersler\veriyapıları\20152016\hafta6\ciftyonlubagliliste2\ciftyonlubagliliste2\debug\link.8508-cvtres.write.1.tlog
g:\dersler\veriyapıları\20152016\hafta6\ciftyonlubagliliste2\ciftyonlubagliliste2\debug\link.8508-rc.read.1.tlog
g:\dersler\veriyapıları\20152016\hafta6\ciftyonlubagliliste2\ciftyonlubagliliste2\debug\link.8508-rc.write.1.tlog
g:\dersler\veriyapıları\20152016\hafta6\ciftyonlubagliliste2\ciftyonlubagliliste2\debug\link.8508.read.1.tlog
g:\dersler\veriyapıları\20152016\hafta6\ciftyonlubagliliste2\ciftyonlubagliliste2\debug\link.8508.write.1.tlog
g:\dersler\veriyapıları\20152016\hafta6\ciftyonlubagliliste2\ciftyonlubagliliste2\debug\link.command.1.tlog
g:\dersler\veriyapıları\20152016\hafta6\ciftyonlubagliliste2\ciftyonlubagliliste2\debug\link.read.1.tlog
g:\dersler\veriyapıları\20152016\hafta6\ciftyonlubagliliste2\ciftyonlubagliliste2\debug\link.write.1.tlog
g:\dersler\veriyapıları\20152016\hafta6\ciftyonlubagliliste2\ciftyonlubagliliste2\debug\ciftyonlubagliliste2.pch
g:\dersler\veriyapıları\20152016\hafta6\ciftyonlubagliliste2\ciftyonlubagliliste2\debug\vc110.idb
g:\dersler\veriyapıları\20152016\hafta6\ciftyonlubagliliste2\ciftyonlubagliliste2\debug\vc140.idb
g:\dersler\veriyapıları\20152016\hafta6\ciftyonlubagliliste2\ciftyonlubagliliste2\debug\vc110.pdb
g:\dersler\veriyapıları\20152016\hafta6\ciftyonlubagliliste2\ciftyonlubagliliste2\debug\vc140.pdb
g:\dersler\veriyapıları\20152016\hafta6\ciftyonlubagliliste2\debug\ciftyonlubagliliste2.pdb
g:\dersler\veriyapıları\20152016\hafta6\ciftyonlubagliliste2\debug\ciftyonlubagliliste2.exe
g:\dersler\veriyapıları\20152016\hafta6\ciftyonlubagliliste2\debug\ciftyonlubagliliste2.ilk
g:\dersler\veriyapıları\20152016\hafta6\ciftyonlubagliliste2\ciftyonlubagliliste2\debug\ciftyonl.de104c04.tlog\cl.command.1.tlog
g:\dersler\veriyapıları\20152016\hafta6\ciftyonlubagliliste2\ciftyonlubagliliste2\debug\ciftyonl.de104c04.tlog\cl.read.1.tlog
g:\dersler\veriyapıları\20152016\hafta6\ciftyonlubagliliste2\ciftyonlubagliliste2\debug\ciftyonl.de104c04.tlog\cl.write.1.tlog
g:\dersler\veriyapıları\20152016\hafta6\ciftyonlubagliliste2\ciftyonlubagliliste2\debug\ciftyonl.de104c04.tlog\link.command.1.tlog
g:\dersler\veriyapıları\20152016\hafta6\ciftyonlubagliliste2\ciftyonlubagliliste2\debug\ciftyonl.de104c04.tlog\link.read.1.tlog
g:\dersler\veriyapıları\20152016\hafta6\ciftyonlubagliliste2\ciftyonlubagliliste2\debug\ciftyonl.de104c04.tlog\link.write.1.tlog
